<?xml version="1.0" encoding="UTF-8"?>
<beans xmlns="http://www.springframework.org/schema/beans"
       xmlns:xsi="http://www.w3.org/2001/XMLSchema-instance"
       xsi:schemaLocation="http://www.springframework.org/schema/beans http://www.springframework.org/schema/beans/spring-beans.xsd">
<bean class = "org.springframework.web.servlet.handler.SimpleUrlHandlerMapping"></bean>
    <property name = "mapping">
        <props>
            <prop key="start.test">startController</prop>
        </props>
    </property>
    <bean id = "StartController"  class="test.StartContoller"></bean>
</beans>